<?xml version="1.0" encoding="UTF-8"?>
<testng-results skipped="0" failed="0" ignored="0" total="1" passed="1">
  <reporter-output>
  </reporter-output>
  <suite name="TestNG Sessions Test Automation Suite" duration-ms="9029" started-at="2020-09-04T13:32:50 IST" finished-at="2020-09-04T13:32:59 IST">
    <groups>
    </groups>
    <test name="Different Testing features in TestNG" duration-ms="9029" started-at="2020-09-04T13:32:50 IST" finished-at="2020-09-04T13:32:59 IST">
      <class name="com.Testng.ParametersTest">
        <test-method status="PASS" signature="Yahoologintest(java.lang.String, java.lang.String, java.lang.String)[pri:0, instance:com.Testng.ParametersTest@2a17b7b6]" name="Yahoologintest" duration-ms="8996" started-at="2020-09-04T13:32:50 IST" finished-at="2020-09-04T13:32:59 IST">
          <params>
            <param index="0">
              <value>
                <![CDATA[Chrome]]>
              </value>
            </param>
            <param index="1">
              <value>
                <![CDATA[https://login.yahoo.com/]]>
              </value>
            </param>
            <param index="2">
              <value>
                <![CDATA[harish@yahoo.com]]>
              </value>
            </param>
          </params>
          <reporter-output>
          </reporter-output>
        </test-method> <!-- Yahoologintest -->
      </class> <!-- com.Testng.ParametersTest -->
    </test> <!-- Different Testing features in TestNG -->
  </suite> <!-- TestNG Sessions Test Automation Suite -->
</testng-results>
